[2025-12-26T17:52:04.579+0000] {local_task_job_runner.py:120} INFO - ::group::Pre task execution logs
[2025-12-26T17:52:04.605+0000] {taskinstance.py:2076} INFO - Dependencies all met for dep_context=non-requeueable deps ti=<TaskInstance: spark_kpi_pipeline.run_spark_kpi_job scheduled__2025-12-26T17:51:00+00:00 [queued]>
[2025-12-26T17:52:04.611+0000] {taskinstance.py:2076} INFO - Dependencies all met for dep_context=requeueable deps ti=<TaskInstance: spark_kpi_pipeline.run_spark_kpi_job scheduled__2025-12-26T17:51:00+00:00 [queued]>
[2025-12-26T17:52:04.611+0000] {taskinstance.py:2306} INFO - Starting attempt 1 of 2
[2025-12-26T17:52:04.628+0000] {taskinstance.py:2330} INFO - Executing <Task(BashOperator): run_spark_kpi_job> on 2025-12-26 17:51:00+00:00
[2025-12-26T17:52:04.636+0000] {standard_task_runner.py:63} INFO - Started process 130 to run task
[2025-12-26T17:52:04.640+0000] {standard_task_runner.py:90} INFO - Running: ['airflow', 'tasks', 'run', 'spark_kpi_pipeline', 'run_spark_kpi_job', 'scheduled__2025-12-26T17:51:00+00:00', '--job-id', '103', '--raw', '--subdir', 'DAGS_FOLDER/spark_kpi_dag.py', '--cfg-path', '/tmp/tmp62fozaek']
[2025-12-26T17:52:04.643+0000] {standard_task_runner.py:91} INFO - Job 103: Subtask run_spark_kpi_job
[2025-12-26T17:52:04.692+0000] {task_command.py:426} INFO - Running <TaskInstance: spark_kpi_pipeline.run_spark_kpi_job scheduled__2025-12-26T17:51:00+00:00 [running]> on host 092ce5ba6009
[2025-12-26T17:52:04.787+0000] {taskinstance.py:2648} INFO - Exporting env vars: AIRFLOW_CTX_DAG_OWNER='airflow' AIRFLOW_CTX_DAG_ID='spark_kpi_pipeline' AIRFLOW_CTX_TASK_ID='run_spark_kpi_job' AIRFLOW_CTX_EXECUTION_DATE='2025-12-26T17:51:00+00:00' AIRFLOW_CTX_TRY_NUMBER='1' AIRFLOW_CTX_DAG_RUN_ID='scheduled__2025-12-26T17:51:00+00:00'
[2025-12-26T17:52:04.787+0000] {taskinstance.py:430} INFO - ::endgroup::
[2025-12-26T17:52:04.802+0000] {subprocess.py:63} INFO - Tmp dir root location: /tmp
[2025-12-26T17:52:04.803+0000] {subprocess.py:75} INFO - Running command: ['/usr/bin/bash', '-c', "bash -c '/opt/scripts/run_spark_kpi.sh'"]
[2025-12-26T17:52:04.814+0000] {subprocess.py:86} INFO - Output:
[2025-12-26T17:52:04.832+0000] {subprocess.py:93} INFO - Cannot connect to the Docker daemon at unix:///var/run/docker.sock. Is the docker daemon running?
[2025-12-26T17:52:04.834+0000] {subprocess.py:97} INFO - Command exited with return code 1
[2025-12-26T17:52:04.835+0000] {taskinstance.py:441} INFO - ::group::Post task execution logs
[2025-12-26T17:52:04.841+0000] {taskinstance.py:2905} ERROR - Task failed with exception
Traceback (most recent call last):
  File "/home/airflow/.local/lib/python3.12/site-packages/airflow/models/taskinstance.py", line 465, in _execute_task
    result = _execute_callable(context=context, **execute_callable_kwargs)
             ^^^^^^^^^^^^^^^^^^^^^^^^^^^^^^^^^^^^^^^^^^^^^^^^^^^^^^^^^^^^^
  File "/home/airflow/.local/lib/python3.12/site-packages/airflow/models/taskinstance.py", line 432, in _execute_callable
    return execute_callable(context=context, **execute_callable_kwargs)
           ^^^^^^^^^^^^^^^^^^^^^^^^^^^^^^^^^^^^^^^^^^^^^^^^^^^^^^^^^^^^
  File "/home/airflow/.local/lib/python3.12/site-packages/airflow/models/baseoperator.py", line 400, in wrapper
    return func(self, *args, **kwargs)
           ^^^^^^^^^^^^^^^^^^^^^^^^^^^
  File "/home/airflow/.local/lib/python3.12/site-packages/airflow/operators/bash.py", line 243, in execute
    raise AirflowException(
airflow.exceptions.AirflowException: Bash command failed. The command returned a non-zero exit code 1.
[2025-12-26T17:52:04.845+0000] {taskinstance.py:1206} INFO - Marking task as UP_FOR_RETRY. dag_id=spark_kpi_pipeline, task_id=run_spark_kpi_job, run_id=scheduled__2025-12-26T17:51:00+00:00, execution_date=20251226T175100, start_date=20251226T175204, end_date=20251226T175204
[2025-12-26T17:52:04.857+0000] {standard_task_runner.py:110} ERROR - Failed to execute job 103 for task run_spark_kpi_job (Bash command failed. The command returned a non-zero exit code 1.; 130)
[2025-12-26T17:52:04.891+0000] {local_task_job_runner.py:240} INFO - Task exited with return code 1
[2025-12-26T17:52:04.903+0000] {taskinstance.py:3498} INFO - 0 downstream tasks scheduled from follow-on schedule check
[2025-12-26T17:52:04.904+0000] {local_task_job_runner.py:222} INFO - ::endgroup::
