[2025-12-26T17:49:04.463+0000] {local_task_job_runner.py:120} INFO - ::group::Pre task execution logs
[2025-12-26T17:49:04.496+0000] {taskinstance.py:2076} INFO - Dependencies all met for dep_context=non-requeueable deps ti=<TaskInstance: spark_kpi_pipeline.run_spark_kpi_job scheduled__2025-12-26T17:48:00+00:00 [queued]>
[2025-12-26T17:49:04.503+0000] {taskinstance.py:2076} INFO - Dependencies all met for dep_context=requeueable deps ti=<TaskInstance: spark_kpi_pipeline.run_spark_kpi_job scheduled__2025-12-26T17:48:00+00:00 [queued]>
[2025-12-26T17:49:04.503+0000] {taskinstance.py:2306} INFO - Starting attempt 1 of 2
[2025-12-26T17:49:04.520+0000] {taskinstance.py:2330} INFO - Executing <Task(BashOperator): run_spark_kpi_job> on 2025-12-26 17:48:00+00:00
[2025-12-26T17:49:04.526+0000] {standard_task_runner.py:63} INFO - Started process 52 to run task
[2025-12-26T17:49:04.529+0000] {standard_task_runner.py:90} INFO - Running: ['airflow', 'tasks', 'run', 'spark_kpi_pipeline', 'run_spark_kpi_job', 'scheduled__2025-12-26T17:48:00+00:00', '--job-id', '97', '--raw', '--subdir', 'DAGS_FOLDER/spark_kpi_dag.py', '--cfg-path', '/tmp/tmp98xw34i8']
[2025-12-26T17:49:04.531+0000] {standard_task_runner.py:91} INFO - Job 97: Subtask run_spark_kpi_job
[2025-12-26T17:49:04.571+0000] {task_command.py:426} INFO - Running <TaskInstance: spark_kpi_pipeline.run_spark_kpi_job scheduled__2025-12-26T17:48:00+00:00 [running]> on host 092ce5ba6009
[2025-12-26T17:49:04.653+0000] {taskinstance.py:2648} INFO - Exporting env vars: AIRFLOW_CTX_DAG_OWNER='airflow' AIRFLOW_CTX_DAG_ID='spark_kpi_pipeline' AIRFLOW_CTX_TASK_ID='run_spark_kpi_job' AIRFLOW_CTX_EXECUTION_DATE='2025-12-26T17:48:00+00:00' AIRFLOW_CTX_TRY_NUMBER='1' AIRFLOW_CTX_DAG_RUN_ID='scheduled__2025-12-26T17:48:00+00:00'
[2025-12-26T17:49:04.654+0000] {taskinstance.py:430} INFO - ::endgroup::
[2025-12-26T17:49:04.671+0000] {subprocess.py:63} INFO - Tmp dir root location: /tmp
[2025-12-26T17:49:04.672+0000] {subprocess.py:75} INFO - Running command: ['/usr/bin/bash', '-c', "bash -c '/opt/scripts/run_spark_kpi.sh'"]
[2025-12-26T17:49:04.685+0000] {subprocess.py:86} INFO - Output:
[2025-12-26T17:49:04.706+0000] {subprocess.py:93} INFO - Cannot connect to the Docker daemon at unix:///var/run/docker.sock. Is the docker daemon running?
[2025-12-26T17:49:04.709+0000] {subprocess.py:97} INFO - Command exited with return code 1
[2025-12-26T17:49:04.709+0000] {taskinstance.py:441} INFO - ::group::Post task execution logs
[2025-12-26T17:49:04.715+0000] {taskinstance.py:2905} ERROR - Task failed with exception
Traceback (most recent call last):
  File "/home/airflow/.local/lib/python3.12/site-packages/airflow/models/taskinstance.py", line 465, in _execute_task
    result = _execute_callable(context=context, **execute_callable_kwargs)
             ^^^^^^^^^^^^^^^^^^^^^^^^^^^^^^^^^^^^^^^^^^^^^^^^^^^^^^^^^^^^^
  File "/home/airflow/.local/lib/python3.12/site-packages/airflow/models/taskinstance.py", line 432, in _execute_callable
    return execute_callable(context=context, **execute_callable_kwargs)
           ^^^^^^^^^^^^^^^^^^^^^^^^^^^^^^^^^^^^^^^^^^^^^^^^^^^^^^^^^^^^
  File "/home/airflow/.local/lib/python3.12/site-packages/airflow/models/baseoperator.py", line 400, in wrapper
    return func(self, *args, **kwargs)
           ^^^^^^^^^^^^^^^^^^^^^^^^^^^
  File "/home/airflow/.local/lib/python3.12/site-packages/airflow/operators/bash.py", line 243, in execute
    raise AirflowException(
airflow.exceptions.AirflowException: Bash command failed. The command returned a non-zero exit code 1.
[2025-12-26T17:49:04.720+0000] {taskinstance.py:1206} INFO - Marking task as UP_FOR_RETRY. dag_id=spark_kpi_pipeline, task_id=run_spark_kpi_job, run_id=scheduled__2025-12-26T17:48:00+00:00, execution_date=20251226T174800, start_date=20251226T174904, end_date=20251226T174904
[2025-12-26T17:49:04.734+0000] {standard_task_runner.py:110} ERROR - Failed to execute job 97 for task run_spark_kpi_job (Bash command failed. The command returned a non-zero exit code 1.; 52)
[2025-12-26T17:49:04.782+0000] {local_task_job_runner.py:240} INFO - Task exited with return code 1
[2025-12-26T17:49:04.795+0000] {taskinstance.py:3498} INFO - 0 downstream tasks scheduled from follow-on schedule check
[2025-12-26T17:49:04.796+0000] {local_task_job_runner.py:222} INFO - ::endgroup::
