[2025-12-26T18:11:05.269+0000] {local_task_job_runner.py:120} INFO - ::group::Pre task execution logs
[2025-12-26T18:11:05.299+0000] {taskinstance.py:2076} INFO - Dependencies all met for dep_context=non-requeueable deps ti=<TaskInstance: spark_kpi_pipeline.run_spark_kpi_job scheduled__2025-12-26T18:10:00+00:00 [queued]>
[2025-12-26T18:11:05.307+0000] {taskinstance.py:2076} INFO - Dependencies all met for dep_context=requeueable deps ti=<TaskInstance: spark_kpi_pipeline.run_spark_kpi_job scheduled__2025-12-26T18:10:00+00:00 [queued]>
[2025-12-26T18:11:05.308+0000] {taskinstance.py:2306} INFO - Starting attempt 1 of 2
[2025-12-26T18:11:05.326+0000] {taskinstance.py:2330} INFO - Executing <Task(BashOperator): run_spark_kpi_job> on 2025-12-26 18:10:00+00:00
[2025-12-26T18:11:05.331+0000] {standard_task_runner.py:63} INFO - Started process 213 to run task
[2025-12-26T18:11:05.341+0000] {standard_task_runner.py:90} INFO - Running: ['airflow', 'tasks', 'run', 'spark_kpi_pipeline', 'run_spark_kpi_job', 'scheduled__2025-12-26T18:10:00+00:00', '--job-id', '132', '--raw', '--subdir', 'DAGS_FOLDER/spark_kpi_dag.py', '--cfg-path', '/tmp/tmp35qozexu']
[2025-12-26T18:11:05.344+0000] {standard_task_runner.py:91} INFO - Job 132: Subtask run_spark_kpi_job
[2025-12-26T18:11:05.397+0000] {task_command.py:426} INFO - Running <TaskInstance: spark_kpi_pipeline.run_spark_kpi_job scheduled__2025-12-26T18:10:00+00:00 [running]> on host 092ce5ba6009
[2025-12-26T18:11:05.461+0000] {abstractoperator.py:725} ERROR - Exception rendering Jinja template for task 'run_spark_kpi_job', field 'bash_command'. Template: 'bash /opt/scripts/run_spark_kpi.sh'
Traceback (most recent call last):
  File "/home/airflow/.local/lib/python3.12/site-packages/airflow/models/abstractoperator.py", line 717, in _do_render_template_fields
    rendered_content = self.render_template(
                       ^^^^^^^^^^^^^^^^^^^^^
  File "/home/airflow/.local/lib/python3.12/site-packages/airflow/template/templater.py", line 166, in render_template
    template = jinja_env.get_template(value)
               ^^^^^^^^^^^^^^^^^^^^^^^^^^^^^
  File "/home/airflow/.local/lib/python3.12/site-packages/jinja2/environment.py", line 1010, in get_template
    return self._load_template(name, globals)
           ^^^^^^^^^^^^^^^^^^^^^^^^^^^^^^^^^^
  File "/home/airflow/.local/lib/python3.12/site-packages/jinja2/environment.py", line 969, in _load_template
    template = self.loader.load(self, name, self.make_globals(globals))
               ^^^^^^^^^^^^^^^^^^^^^^^^^^^^^^^^^^^^^^^^^^^^^^^^^^^^^^^^
  File "/home/airflow/.local/lib/python3.12/site-packages/jinja2/loaders.py", line 125, in load
    source, filename, uptodate = self.get_source(environment, name)
                                 ^^^^^^^^^^^^^^^^^^^^^^^^^^^^^^^^^^
  File "/home/airflow/.local/lib/python3.12/site-packages/jinja2/loaders.py", line 204, in get_source
    raise TemplateNotFound(template)
jinja2.exceptions.TemplateNotFound: bash /opt/scripts/run_spark_kpi.sh
[2025-12-26T18:11:05.464+0000] {taskinstance.py:2905} ERROR - Task failed with exception
Traceback (most recent call last):
  File "/home/airflow/.local/lib/python3.12/site-packages/airflow/models/taskinstance.py", line 2479, in _run_raw_task
    self._execute_task_with_callbacks(context, test_mode, session=session)
  File "/home/airflow/.local/lib/python3.12/site-packages/airflow/models/taskinstance.py", line 2633, in _execute_task_with_callbacks
    task_orig = self.render_templates(context=context, jinja_env=jinja_env)
                ^^^^^^^^^^^^^^^^^^^^^^^^^^^^^^^^^^^^^^^^^^^^^^^^^^^^^^^^^^^
  File "/home/airflow/.local/lib/python3.12/site-packages/airflow/models/taskinstance.py", line 3094, in render_templates
    original_task.render_template_fields(context, jinja_env)
  File "/home/airflow/.local/lib/python3.12/site-packages/airflow/models/baseoperator.py", line 1336, in render_template_fields
    self._do_render_template_fields(self, self.template_fields, context, jinja_env, set())
  File "/home/airflow/.local/lib/python3.12/site-packages/airflow/models/abstractoperator.py", line 717, in _do_render_template_fields
    rendered_content = self.render_template(
                       ^^^^^^^^^^^^^^^^^^^^^
  File "/home/airflow/.local/lib/python3.12/site-packages/airflow/template/templater.py", line 166, in render_template
    template = jinja_env.get_template(value)
               ^^^^^^^^^^^^^^^^^^^^^^^^^^^^^
  File "/home/airflow/.local/lib/python3.12/site-packages/jinja2/environment.py", line 1010, in get_template
    return self._load_template(name, globals)
           ^^^^^^^^^^^^^^^^^^^^^^^^^^^^^^^^^^
  File "/home/airflow/.local/lib/python3.12/site-packages/jinja2/environment.py", line 969, in _load_template
    template = self.loader.load(self, name, self.make_globals(globals))
               ^^^^^^^^^^^^^^^^^^^^^^^^^^^^^^^^^^^^^^^^^^^^^^^^^^^^^^^^
  File "/home/airflow/.local/lib/python3.12/site-packages/jinja2/loaders.py", line 125, in load
    source, filename, uptodate = self.get_source(environment, name)
                                 ^^^^^^^^^^^^^^^^^^^^^^^^^^^^^^^^^^
  File "/home/airflow/.local/lib/python3.12/site-packages/jinja2/loaders.py", line 204, in get_source
    raise TemplateNotFound(template)
jinja2.exceptions.TemplateNotFound: bash /opt/scripts/run_spark_kpi.sh
[2025-12-26T18:11:05.470+0000] {taskinstance.py:1206} INFO - Marking task as UP_FOR_RETRY. dag_id=spark_kpi_pipeline, task_id=run_spark_kpi_job, run_id=scheduled__2025-12-26T18:10:00+00:00, execution_date=20251226T181000, start_date=20251226T181105, end_date=20251226T181105
[2025-12-26T18:11:05.486+0000] {standard_task_runner.py:110} ERROR - Failed to execute job 132 for task run_spark_kpi_job (bash /opt/scripts/run_spark_kpi.sh; 213)
[2025-12-26T18:11:05.506+0000] {local_task_job_runner.py:240} INFO - Task exited with return code 1
[2025-12-26T18:11:05.522+0000] {taskinstance.py:3498} INFO - 0 downstream tasks scheduled from follow-on schedule check
[2025-12-26T18:11:05.522+0000] {local_task_job_runner.py:222} INFO - ::endgroup::
