[2025-12-26T17:52:08.501+0000] {local_task_job_runner.py:120} INFO - ::group::Pre task execution logs
[2025-12-26T17:52:08.533+0000] {taskinstance.py:2076} INFO - Dependencies all met for dep_context=non-requeueable deps ti=<TaskInstance: spark_kpi_pipeline.run_spark_kpi_job scheduled__2025-12-26T17:50:00+00:00 [queued]>
[2025-12-26T17:52:08.543+0000] {taskinstance.py:2076} INFO - Dependencies all met for dep_context=requeueable deps ti=<TaskInstance: spark_kpi_pipeline.run_spark_kpi_job scheduled__2025-12-26T17:50:00+00:00 [queued]>
[2025-12-26T17:52:08.543+0000] {taskinstance.py:2306} INFO - Starting attempt 2 of 2
[2025-12-26T17:52:08.563+0000] {taskinstance.py:2330} INFO - Executing <Task(BashOperator): run_spark_kpi_job> on 2025-12-26 17:50:00+00:00
[2025-12-26T17:52:08.572+0000] {standard_task_runner.py:63} INFO - Started process 142 to run task
[2025-12-26T17:52:08.576+0000] {standard_task_runner.py:90} INFO - Running: ['airflow', 'tasks', 'run', 'spark_kpi_pipeline', 'run_spark_kpi_job', 'scheduled__2025-12-26T17:50:00+00:00', '--job-id', '104', '--raw', '--subdir', 'DAGS_FOLDER/spark_kpi_dag.py', '--cfg-path', '/tmp/tmpir9p2jj_']
[2025-12-26T17:52:08.578+0000] {standard_task_runner.py:91} INFO - Job 104: Subtask run_spark_kpi_job
[2025-12-26T17:52:08.630+0000] {task_command.py:426} INFO - Running <TaskInstance: spark_kpi_pipeline.run_spark_kpi_job scheduled__2025-12-26T17:50:00+00:00 [running]> on host 092ce5ba6009
[2025-12-26T17:52:08.713+0000] {taskinstance.py:2648} INFO - Exporting env vars: AIRFLOW_CTX_DAG_OWNER='airflow' AIRFLOW_CTX_DAG_ID='spark_kpi_pipeline' AIRFLOW_CTX_TASK_ID='run_spark_kpi_job' AIRFLOW_CTX_EXECUTION_DATE='2025-12-26T17:50:00+00:00' AIRFLOW_CTX_TRY_NUMBER='2' AIRFLOW_CTX_DAG_RUN_ID='scheduled__2025-12-26T17:50:00+00:00'
[2025-12-26T17:52:08.713+0000] {taskinstance.py:430} INFO - ::endgroup::
[2025-12-26T17:52:08.731+0000] {subprocess.py:63} INFO - Tmp dir root location: /tmp
[2025-12-26T17:52:08.732+0000] {subprocess.py:75} INFO - Running command: ['/usr/bin/bash', '-c', "bash -c '/opt/scripts/run_spark_kpi.sh'"]
[2025-12-26T17:52:08.745+0000] {subprocess.py:86} INFO - Output:
[2025-12-26T17:52:08.767+0000] {subprocess.py:93} INFO - Cannot connect to the Docker daemon at unix:///var/run/docker.sock. Is the docker daemon running?
[2025-12-26T17:52:08.769+0000] {subprocess.py:97} INFO - Command exited with return code 1
[2025-12-26T17:52:08.770+0000] {taskinstance.py:441} INFO - ::group::Post task execution logs
[2025-12-26T17:52:08.777+0000] {taskinstance.py:2905} ERROR - Task failed with exception
Traceback (most recent call last):
  File "/home/airflow/.local/lib/python3.12/site-packages/airflow/models/taskinstance.py", line 465, in _execute_task
    result = _execute_callable(context=context, **execute_callable_kwargs)
             ^^^^^^^^^^^^^^^^^^^^^^^^^^^^^^^^^^^^^^^^^^^^^^^^^^^^^^^^^^^^^
  File "/home/airflow/.local/lib/python3.12/site-packages/airflow/models/taskinstance.py", line 432, in _execute_callable
    return execute_callable(context=context, **execute_callable_kwargs)
           ^^^^^^^^^^^^^^^^^^^^^^^^^^^^^^^^^^^^^^^^^^^^^^^^^^^^^^^^^^^^
  File "/home/airflow/.local/lib/python3.12/site-packages/airflow/models/baseoperator.py", line 400, in wrapper
    return func(self, *args, **kwargs)
           ^^^^^^^^^^^^^^^^^^^^^^^^^^^
  File "/home/airflow/.local/lib/python3.12/site-packages/airflow/operators/bash.py", line 243, in execute
    raise AirflowException(
airflow.exceptions.AirflowException: Bash command failed. The command returned a non-zero exit code 1.
[2025-12-26T17:52:08.781+0000] {taskinstance.py:1206} INFO - Marking task as FAILED. dag_id=spark_kpi_pipeline, task_id=run_spark_kpi_job, run_id=scheduled__2025-12-26T17:50:00+00:00, execution_date=20251226T175000, start_date=20251226T175208, end_date=20251226T175208
[2025-12-26T17:52:08.795+0000] {standard_task_runner.py:110} ERROR - Failed to execute job 104 for task run_spark_kpi_job (Bash command failed. The command returned a non-zero exit code 1.; 142)
[2025-12-26T17:52:08.830+0000] {local_task_job_runner.py:240} INFO - Task exited with return code 1
[2025-12-26T17:52:08.841+0000] {taskinstance.py:3498} INFO - 0 downstream tasks scheduled from follow-on schedule check
[2025-12-26T17:52:08.842+0000] {local_task_job_runner.py:222} INFO - ::endgroup::
