[2025-12-26T16:22:04.575+0000] {local_task_job_runner.py:120} INFO - ::group::Pre task execution logs
[2025-12-26T16:22:04.600+0000] {taskinstance.py:2076} INFO - Dependencies all met for dep_context=non-requeueable deps ti=<TaskInstance: spark_kpi_pipeline.run_spark_kpi_job scheduled__2025-12-26T16:21:00+00:00 [queued]>
[2025-12-26T16:22:04.606+0000] {taskinstance.py:2076} INFO - Dependencies all met for dep_context=requeueable deps ti=<TaskInstance: spark_kpi_pipeline.run_spark_kpi_job scheduled__2025-12-26T16:21:00+00:00 [queued]>
[2025-12-26T16:22:04.607+0000] {taskinstance.py:2306} INFO - Starting attempt 1 of 2
[2025-12-26T16:22:04.721+0000] {taskinstance.py:2330} INFO - Executing <Task(BashOperator): run_spark_kpi_job> on 2025-12-26 16:21:00+00:00
[2025-12-26T16:22:04.729+0000] {standard_task_runner.py:63} INFO - Started process 900 to run task
[2025-12-26T16:22:04.732+0000] {standard_task_runner.py:90} INFO - Running: ['airflow', 'tasks', 'run', 'spark_kpi_pipeline', 'run_spark_kpi_job', 'scheduled__2025-12-26T16:21:00+00:00', '--job-id', '54', '--raw', '--subdir', 'DAGS_FOLDER/spark_kpi_dag.py', '--cfg-path', '/tmp/tmpv3238b77']
[2025-12-26T16:22:04.735+0000] {standard_task_runner.py:91} INFO - Job 54: Subtask run_spark_kpi_job
[2025-12-26T16:22:04.780+0000] {task_command.py:426} INFO - Running <TaskInstance: spark_kpi_pipeline.run_spark_kpi_job scheduled__2025-12-26T16:21:00+00:00 [running]> on host aa17151ad71e
[2025-12-26T16:22:04.860+0000] {taskinstance.py:2648} INFO - Exporting env vars: AIRFLOW_CTX_DAG_OWNER='airflow' AIRFLOW_CTX_DAG_ID='spark_kpi_pipeline' AIRFLOW_CTX_TASK_ID='run_spark_kpi_job' AIRFLOW_CTX_EXECUTION_DATE='2025-12-26T16:21:00+00:00' AIRFLOW_CTX_TRY_NUMBER='1' AIRFLOW_CTX_DAG_RUN_ID='scheduled__2025-12-26T16:21:00+00:00'
[2025-12-26T16:22:04.861+0000] {taskinstance.py:430} INFO - ::endgroup::
[2025-12-26T16:22:04.878+0000] {subprocess.py:63} INFO - Tmp dir root location: /tmp
[2025-12-26T16:22:04.879+0000] {subprocess.py:75} INFO - Running command: ['/usr/bin/bash', '-c', '\n    docker exec spark       /opt/spark/bin/spark-submit       --packages org.mongodb.spark:mongo-spark-connector_2.12:2.4.3       /opt/spark-apps/jobs/kpi_aggregation.py\n    ']
[2025-12-26T16:22:04.894+0000] {subprocess.py:86} INFO - Output:
[2025-12-26T16:22:04.912+0000] {subprocess.py:93} INFO - Cannot connect to the Docker daemon at unix:///var/run/docker.sock. Is the docker daemon running?
[2025-12-26T16:22:04.914+0000] {subprocess.py:97} INFO - Command exited with return code 1
[2025-12-26T16:22:04.915+0000] {taskinstance.py:441} INFO - ::group::Post task execution logs
[2025-12-26T16:22:04.924+0000] {taskinstance.py:2905} ERROR - Task failed with exception
Traceback (most recent call last):
  File "/home/airflow/.local/lib/python3.12/site-packages/airflow/models/taskinstance.py", line 465, in _execute_task
    result = _execute_callable(context=context, **execute_callable_kwargs)
             ^^^^^^^^^^^^^^^^^^^^^^^^^^^^^^^^^^^^^^^^^^^^^^^^^^^^^^^^^^^^^
  File "/home/airflow/.local/lib/python3.12/site-packages/airflow/models/taskinstance.py", line 432, in _execute_callable
    return execute_callable(context=context, **execute_callable_kwargs)
           ^^^^^^^^^^^^^^^^^^^^^^^^^^^^^^^^^^^^^^^^^^^^^^^^^^^^^^^^^^^^
  File "/home/airflow/.local/lib/python3.12/site-packages/airflow/models/baseoperator.py", line 400, in wrapper
    return func(self, *args, **kwargs)
           ^^^^^^^^^^^^^^^^^^^^^^^^^^^
  File "/home/airflow/.local/lib/python3.12/site-packages/airflow/operators/bash.py", line 243, in execute
    raise AirflowException(
airflow.exceptions.AirflowException: Bash command failed. The command returned a non-zero exit code 1.
[2025-12-26T16:22:04.929+0000] {taskinstance.py:1206} INFO - Marking task as UP_FOR_RETRY. dag_id=spark_kpi_pipeline, task_id=run_spark_kpi_job, run_id=scheduled__2025-12-26T16:21:00+00:00, execution_date=20251226T162100, start_date=20251226T162204, end_date=20251226T162204
[2025-12-26T16:22:04.951+0000] {standard_task_runner.py:110} ERROR - Failed to execute job 54 for task run_spark_kpi_job (Bash command failed. The command returned a non-zero exit code 1.; 900)
[2025-12-26T16:22:04.986+0000] {local_task_job_runner.py:240} INFO - Task exited with return code 1
[2025-12-26T16:22:04.997+0000] {taskinstance.py:3498} INFO - 0 downstream tasks scheduled from follow-on schedule check
[2025-12-26T16:22:04.998+0000] {local_task_job_runner.py:222} INFO - ::endgroup::
