[2025-12-26T16:10:09.206+0000] {local_task_job_runner.py:120} INFO - ::group::Pre task execution logs
[2025-12-26T16:10:09.249+0000] {taskinstance.py:2076} INFO - Dependencies all met for dep_context=non-requeueable deps ti=<TaskInstance: spark_kpi_pipeline.run_spark_kpi_job scheduled__2025-12-26T16:08:00+00:00 [queued]>
[2025-12-26T16:10:09.261+0000] {taskinstance.py:2076} INFO - Dependencies all met for dep_context=requeueable deps ti=<TaskInstance: spark_kpi_pipeline.run_spark_kpi_job scheduled__2025-12-26T16:08:00+00:00 [queued]>
[2025-12-26T16:10:09.262+0000] {taskinstance.py:2306} INFO - Starting attempt 2 of 2
[2025-12-26T16:10:09.282+0000] {taskinstance.py:2330} INFO - Executing <Task(BashOperator): run_spark_kpi_job> on 2025-12-26 16:08:00+00:00
[2025-12-26T16:10:09.291+0000] {standard_task_runner.py:63} INFO - Started process 557 to run task
[2025-12-26T16:10:09.295+0000] {standard_task_runner.py:90} INFO - Running: ['airflow', 'tasks', 'run', 'spark_kpi_pipeline', 'run_spark_kpi_job', 'scheduled__2025-12-26T16:08:00+00:00', '--job-id', '31', '--raw', '--subdir', 'DAGS_FOLDER/spark_kpi_dag.py', '--cfg-path', '/tmp/tmpt8spjets']
[2025-12-26T16:10:09.297+0000] {standard_task_runner.py:91} INFO - Job 31: Subtask run_spark_kpi_job
[2025-12-26T16:10:09.358+0000] {task_command.py:426} INFO - Running <TaskInstance: spark_kpi_pipeline.run_spark_kpi_job scheduled__2025-12-26T16:08:00+00:00 [running]> on host aa17151ad71e
[2025-12-26T16:10:09.442+0000] {taskinstance.py:2648} INFO - Exporting env vars: AIRFLOW_CTX_DAG_OWNER='airflow' AIRFLOW_CTX_DAG_ID='spark_kpi_pipeline' AIRFLOW_CTX_TASK_ID='run_spark_kpi_job' AIRFLOW_CTX_EXECUTION_DATE='2025-12-26T16:08:00+00:00' AIRFLOW_CTX_TRY_NUMBER='2' AIRFLOW_CTX_DAG_RUN_ID='scheduled__2025-12-26T16:08:00+00:00'
[2025-12-26T16:10:09.443+0000] {taskinstance.py:430} INFO - ::endgroup::
[2025-12-26T16:10:09.460+0000] {subprocess.py:63} INFO - Tmp dir root location: /tmp
[2025-12-26T16:10:09.461+0000] {subprocess.py:75} INFO - Running command: ['/usr/bin/bash', '-c', '\n    docker exec spark       /opt/spark/bin/spark-submit       --packages org.mongodb.spark:mongo-spark-connector_2.12:2.4.3       /opt/spark-apps/jobs/kpi_aggregation.py\n    ']
[2025-12-26T16:10:09.479+0000] {subprocess.py:86} INFO - Output:
[2025-12-26T16:10:09.511+0000] {subprocess.py:93} INFO - Cannot connect to the Docker daemon at unix:///var/run/docker.sock. Is the docker daemon running?
[2025-12-26T16:10:09.513+0000] {subprocess.py:97} INFO - Command exited with return code 1
[2025-12-26T16:10:09.514+0000] {taskinstance.py:441} INFO - ::group::Post task execution logs
[2025-12-26T16:10:09.523+0000] {taskinstance.py:2905} ERROR - Task failed with exception
Traceback (most recent call last):
  File "/home/airflow/.local/lib/python3.12/site-packages/airflow/models/taskinstance.py", line 465, in _execute_task
    result = _execute_callable(context=context, **execute_callable_kwargs)
             ^^^^^^^^^^^^^^^^^^^^^^^^^^^^^^^^^^^^^^^^^^^^^^^^^^^^^^^^^^^^^
  File "/home/airflow/.local/lib/python3.12/site-packages/airflow/models/taskinstance.py", line 432, in _execute_callable
    return execute_callable(context=context, **execute_callable_kwargs)
           ^^^^^^^^^^^^^^^^^^^^^^^^^^^^^^^^^^^^^^^^^^^^^^^^^^^^^^^^^^^^
  File "/home/airflow/.local/lib/python3.12/site-packages/airflow/models/baseoperator.py", line 400, in wrapper
    return func(self, *args, **kwargs)
           ^^^^^^^^^^^^^^^^^^^^^^^^^^^
  File "/home/airflow/.local/lib/python3.12/site-packages/airflow/operators/bash.py", line 243, in execute
    raise AirflowException(
airflow.exceptions.AirflowException: Bash command failed. The command returned a non-zero exit code 1.
[2025-12-26T16:10:09.529+0000] {taskinstance.py:1206} INFO - Marking task as FAILED. dag_id=spark_kpi_pipeline, task_id=run_spark_kpi_job, run_id=scheduled__2025-12-26T16:08:00+00:00, execution_date=20251226T160800, start_date=20251226T161009, end_date=20251226T161009
[2025-12-26T16:10:09.550+0000] {standard_task_runner.py:110} ERROR - Failed to execute job 31 for task run_spark_kpi_job (Bash command failed. The command returned a non-zero exit code 1.; 557)
[2025-12-26T16:10:09.588+0000] {local_task_job_runner.py:240} INFO - Task exited with return code 1
[2025-12-26T16:10:09.603+0000] {taskinstance.py:3498} INFO - 0 downstream tasks scheduled from follow-on schedule check
[2025-12-26T16:10:09.604+0000] {local_task_job_runner.py:222} INFO - ::endgroup::
